acyclic.exe -? 
bcomps.exe -?
ccomps.exe -?
circo.exe -?
dijkstra.exe -?
dot.exe -?
dotty.exe -?
fc-cache.exe -?
fc-cat.exe -?
fc-list.exe -?
fc-match.exe -?
fdp.exe -?
gc.exe -?
gml2gv.exe -?
graphml2gv.exe -?
gv2gml.exe -?
gvcolor.exe -?
gvedit.exe -?
gvgen.exe -?
gvmap.exe -?
gvpack.exe -?
gvpr.exe -?
gxl2gv.exe -?
lefty.exe -?
lneato.exe -?
mingle.exe -?
mm2gv.exe -?
neato.exe -?
nop.exe -?
osage.exe -?
patchwork.exe -?
prune.exe -?
sccmap.exe -?
sfdp.exe -?
smyrna.exe -?
tred.exe -?
twopi.exe -?
unflatten.exe -?